# first_duplicate;;
- : int list -> int = <fun>
# first_duplicate [1;2;3;4;5;6;7;4;5;8;9];;
- : int = 4
# first_duplicate [1;2;3;4;5;6;7;8;5;2;9];;
- : int = 5
# first_duplicate [1;2;3;4;5;6;7;8;9;10];;
- : int = -10000
# first_nonrepeating;;
- : int list -> int = <fun>
# first_nonrepeating [1;2;3;2;7;5;6;1;3];;
- : int = 7
# first_nonrepeating [1;2;9;3;2;7;5;6;1;3];;
- : int = 9
# first_nonrepeating [1;2;9;3;2;7;5;6;10;30];;
- : int = 1
# first_nonrepeating [1;2;9;3;2;7;5;6;1;10;30];;
- : int = 9
# first_nonrepeating [1;2;9;3;2;7;5;9;6;1;10;30];;
- : int = 3
# first_nonrepeating [1;2;3;2;7;5;6;1;3];;
- : int = 7
# first_nonrepeating [1;2;3;4;5;1;2;3;4;5];;
- : int = -10000
# first_nonrepeating [1;2;3;4;5;1;2;3;4;9];;
- : int = 5
# first_nonrepeating [1;1;1;2;2;2];;
- : int = -10000
# sumOfTwo;;
- : int list * int list * int -> bool = <fun>
# sumOfTwo([1;2;3],[10;20;30;40],42);;
- : bool = true
# sumOfTwo([1;2;3],[10;20;30;40],40);;
- : bool = false
# sumOfTwo([1;2;3],[10;20;30;40],41);;
- : bool = true
# sumOfTwo([1;2;3],[10;20;30;40],43);;
- : bool = true
# sumOfTwo([1;2;3],[10;20;30;40],44);;
- : bool = false
# sumOfTwo([1;2;3],[10;20;30;40],11);;
- : bool = true
# sumOfTwo([1;2;3],[10;20;30;40],15);;
- : bool = false
# take;;
- : int * 'a list -> 'a list = <fun>
# take (2, [1;2;3;4]);;
- : int list = [1; 2]
# take (15, [1;2;3;4]);;
- : int list = [1; 2; 3; 4]
# take (-1, [1;2;3;4]);;
- : int list = []
# drop;;
- : int * 'a list -> 'a list = <fun>
# drop (2, [1;2;3;4]);;
- : int list = [3; 4]
# drop (2,[1;2;3;4;5;6]);;
- : int list = [3; 4; 5; 6]
# drop (15, [1;2;3;4]);;
- : int list = []
# drop (-1, [1;2;3;4]);;
- : int list = []
# drop (0, [1;2;3;4]);;
- : int list = [1; 2; 3; 4]
# powerset;;
- : int list -> int list list = <fun>
# powerset [1;2;3];;
- : int list list = [[1; 2; 3]; [1; 2]; [1; 3]; [1]; [2; 3]; [2]; [3]; []]
# powerset [1;2];;
- : int list list = [[1; 2]; [1]; [2]; []]
# powerset [1;2;3;4];;
- : int list list =
[[1; 2; 3; 4]; [1; 2; 3]; [1; 2; 4]; [1; 2]; [1; 3; 4]; [1; 3]; [1; 4];
 [1]; [2; 3; 4]; [2; 3]; [2; 4]; [2]; [3; 4]; [3]; [4]; []]
